<?xml version="1.0" encoding="UTF-8"?>
<!-- Generated by org.testng.reporters.JUnitXMLReporter -->
<testsuite ignored="0" hostname="BA-000421993" failures="0" tests="6" name="Default test" time="23.573" errors="0" timestamp="2022-09-07T19:13:35 IST">
  <testcase classname="com.telus.testng.RegisterDemoEndToEndTestNG" name="launchApplication" time="15.096"/>
  <testcase classname="com.telus.testng.RegisterDemoEndToEndTestNG" name="navigateToRegisterForDemo" time="2.151"/>
  <testcase classname="com.telus.testng.RegisterDemoEndToEndTestNG" name="validateTitle" time="0.038"/>
  <testcase classname="com.telus.testng.RegisterDemoEndToEndTestNG" name="registerUser" time="3.793"/>
  <testcase classname="com.telus.testng.RegisterDemoEndToEndTestNG" name="successfulValidation" time="0.027"/>
  <testcase classname="com.telus.testng.RegisterDemoEndToEndTestNG" name="closeApplication" time="2.424"/>
</testsuite> <!-- Default test -->
