<?xml version="1.0" encoding="UTF-8"?>
<!-- Generated by org.testng.reporters.JUnitXMLReporter -->
<testsuite ignored="0" hostname="BA-000421993" failures="0" tests="6" name="TestRegisterDemoFromCommandPrompt" time="30.919" errors="0" timestamp="2022-10-03T09:07:12 IST">
  <testcase classname="com.telus.testng.RegisterDemoEndToEndTestNG" name="launchApplication" time="22.785"/>
  <testcase classname="com.telus.testng.RegisterDemoEndToEndTestNG" name="navigateToRegisterForDemo" time="3.543"/>
  <testcase classname="com.telus.testng.RegisterDemoEndToEndTestNG" name="validateTitle" time="0.045"/>
  <testcase classname="com.telus.testng.RegisterDemoEndToEndTestNG" name="registerUser" time="4.38"/>
  <testcase classname="com.telus.testng.RegisterDemoEndToEndTestNG" name="successfulValidation" time="0.039"/>
  <testcase classname="com.telus.testng.RegisterDemoEndToEndTestNG" name="closeApplication" time="0.059"/>
</testsuite> <!-- TestRegisterDemoFromCommandPrompt -->
